/************************************************************************
 *   IRC - Internet Relay Chat, VM/ChangeLog
 *   Copyright (C) 1990
 *
 *   This program is free software; you can redistribute it and/or modify
 *   it under the terms of the GNU General Public License as published by
 *   the Free Software Foundation; either version 1, or (at your option)
 *   any later version.
 *
 *   This program is distributed in the hope that it will be useful,
 *   but WITHOUT ANY WARRANTY; without even the implied warranty of
 *   MERCHANTABILITY or FITNESS FOR A PARTICULAR PURPOSE.  See the
 *   GNU General Public License for more details.
 *
 *   You should have received a copy of the GNU General Public License
 *   along with this program; if not, write to the Free Software
 *   Foundation, Inc., 675 Mass Ave, Cambridge, MA 02139, USA.
 */

Sun Jun 30 20:45:15 1991  Armin Gruner <gruner@informatik.tu-muenchen.de>

	* edit.c
	Changed MSG protocol command into PRIVMSG

Wed Mar 06 16:21:37 1991  Armin Gruner <gruner@informatik.tu-muenchen.de>

	* irc.c, socket.c
	PF-Key support. File IRC PFKEYS may define PF-key bindings.

Fri Feb 08 15:50:34 1991  Armin Gruner <gruner@informatik.tu-muenchen.de>
        * aetab.c
	New a->e translation table. Wipe out ALL dangerous characters.
	Generate the e->a table dynamically.
Tue Nov 27 21:01:40 1990  Armin Gruner <gruner@informatik.tu-muenchen.de>

	* edit.c
	Fixed /query typo.

Mon Nov 26 17:55:17 1990  Armin Gruner <gruner@informatik.tu-muenchen.de>

	* struct.h (linked to ../include/struct.h)
	  #ifdef'd class-introduction for VMSP (shouldn't be needed in
	  standard-client, too...!)
	    
Sat Nov 24 17:57:20 1990  Armin Gruner <gruner@informatik.tu-muenchen.de>

	* socket.c
	  Fixed the return code of socket()

Mon Nov 12 21:07:29 1990  Armin Gruner <gruner@informatik.tu-muenchen.de>

	* Fixed common.h link, Reg-defines in config.h

Wed Nov  7 16:10:25 1990  Armin Gruner <gruner@informatik.tu-muenchen.de>

	* Added VM client into distribution
